[0202/170420.323:INFO:CONSOLE(21172)] "THREE.WebGLRenderer 92", source: file:///C:/Program%20Files/AnyLogic%208.9%20Personal%20Learning%20Edition/plugins/com.anylogic.graphics3d_8.9.3.202411201858/static/build/three.js (21172)
[0202/170420.881:INFO:CONSOLE(3660)] "THREE.ColladaLoader: File version 1.4.0", source: file:///C:/Program%20Files/AnyLogic%208.9%20Personal%20Learning%20Edition/plugins/com.anylogic.graphics3d_8.9.3.202411201858/static/libs/ColladaLoader.js (3660)
[0202/170420.885:INFO:CONSOLE(255)] "Loaded: file:C:/Users/marti/Models/Convey-Version 2/3d/box_1_open.dae", source: file:///C:/Program%20Files/AnyLogic%208.9%20Personal%20Learning%20Edition/plugins/com.anylogic.graphics3d_8.9.3.202411201858/static/init.js (255)
[0202/170420.886:INFO:CONSOLE(271)] "load end: file:C:/Users/marti/Models/Convey-Version 2/3d/box_1_open.dae", source: file:///C:/Program%20Files/AnyLogic%208.9%20Personal%20Learning%20Edition/plugins/com.anylogic.graphics3d_8.9.3.202411201858/static/init.js (271)
[0202/170420.966:INFO:CONSOLE(3660)] "THREE.ColladaLoader: File version 1.4.0", source: file:///C:/Program%20Files/AnyLogic%208.9%20Personal%20Learning%20Edition/plugins/com.anylogic.graphics3d_8.9.3.202411201858/static/libs/ColladaLoader.js (3660)
[0202/170420.967:INFO:CONSOLE(255)] "Loaded: file:C:/Users/marti/Models/Convey-Version 2/3d/box_1_closed.dae", source: file:///C:/Program%20Files/AnyLogic%208.9%20Personal%20Learning%20Edition/plugins/com.anylogic.graphics3d_8.9.3.202411201858/static/init.js (255)
[0202/170420.968:INFO:CONSOLE(271)] "load end: file:C:/Users/marti/Models/Convey-Version 2/3d/box_1_closed.dae", source: file:///C:/Program%20Files/AnyLogic%208.9%20Personal%20Learning%20Edition/plugins/com.anylogic.graphics3d_8.9.3.202411201858/static/init.js (271)
[0202/170514.275:INFO:CONSOLE(3660)] "THREE.ColladaLoader: File version 1.4.0", source: file:///C:/Program%20Files/AnyLogic%208.9%20Personal%20Learning%20Edition/plugins/com.anylogic.graphics3d_8.9.3.202411201858/static/libs/ColladaLoader.js (3660)
[0202/170514.291:INFO:CONSOLE(255)] "Loaded: file:C:/Users/marti/Models/Convey-Version 2/3d/table.dae", source: file:///C:/Program%20Files/AnyLogic%208.9%20Personal%20Learning%20Edition/plugins/com.anylogic.graphics3d_8.9.3.202411201858/static/init.js (255)
[0202/170514.292:INFO:CONSOLE(271)] "load end: file:C:/Users/marti/Models/Convey-Version 2/3d/table.dae", source: file:///C:/Program%20Files/AnyLogic%208.9%20Personal%20Learning%20Edition/plugins/com.anylogic.graphics3d_8.9.3.202411201858/static/init.js (271)
[0202/170514.360:INFO:CONSOLE(3660)] "THREE.ColladaLoader: File version 1.4.0", source: file:///C:/Program%20Files/AnyLogic%208.9%20Personal%20Learning%20Edition/plugins/com.anylogic.graphics3d_8.9.3.202411201858/static/libs/ColladaLoader.js (3660)
[0202/170514.373:INFO:CONSOLE(255)] "Loaded: file:C:/Users/marti/Models/Convey-Version 2/3d/person.dae", source: file:///C:/Program%20Files/AnyLogic%208.9%20Personal%20Learning%20Edition/plugins/com.anylogic.graphics3d_8.9.3.202411201858/static/init.js (255)
[0202/170514.373:INFO:CONSOLE(271)] "load end: file:C:/Users/marti/Models/Convey-Version 2/3d/person.dae", source: file:///C:/Program%20Files/AnyLogic%208.9%20Personal%20Learning%20Edition/plugins/com.anylogic.graphics3d_8.9.3.202411201858/static/init.js (271)
[0202/170514.408:INFO:CONSOLE(3660)] "THREE.ColladaLoader: File version 1.4.0", source: file:///C:/Program%20Files/AnyLogic%208.9%20Personal%20Learning%20Edition/plugins/com.anylogic.graphics3d_8.9.3.202411201858/static/libs/ColladaLoader.js (3660)
[0202/170514.414:INFO:CONSOLE(255)] "Loaded: file:C:/Users/marti/Models/Convey-Version 2/3d/trolley.dae", source: file:///C:/Program%20Files/AnyLogic%208.9%20Personal%20Learning%20Edition/plugins/com.anylogic.graphics3d_8.9.3.202411201858/static/init.js (255)
[0202/170514.414:INFO:CONSOLE(271)] "load end: file:C:/Users/marti/Models/Convey-Version 2/3d/trolley.dae", source: file:///C:/Program%20Files/AnyLogic%208.9%20Personal%20Learning%20Edition/plugins/com.anylogic.graphics3d_8.9.3.202411201858/static/init.js (271)
[0202/170620.313:ERROR:gpu_init.cc(523)] Passthrough is not supported, GL is disabled, ANGLE is 
[0202/173333.691:INFO:CONSOLE(21172)] "THREE.WebGLRenderer 92", source: file:///C:/Program%20Files/AnyLogic%208.9%20Personal%20Learning%20Edition/plugins/com.anylogic.graphics3d_8.9.3.202411201858/static/build/three.js (21172)
[0202/173334.581:INFO:CONSOLE(3660)] "THREE.ColladaLoader: File version 1.4.0", source: file:///C:/Program%20Files/AnyLogic%208.9%20Personal%20Learning%20Edition/plugins/com.anylogic.graphics3d_8.9.3.202411201858/static/libs/ColladaLoader.js (3660)
[0202/173334.598:INFO:CONSOLE(255)] "Loaded: file:C:/Users/marti/Models/Convey-Version 2/3d/person.dae", source: file:///C:/Program%20Files/AnyLogic%208.9%20Personal%20Learning%20Edition/plugins/com.anylogic.graphics3d_8.9.3.202411201858/static/init.js (255)
[0202/173334.598:INFO:CONSOLE(271)] "load end: file:C:/Users/marti/Models/Convey-Version 2/3d/person.dae", source: file:///C:/Program%20Files/AnyLogic%208.9%20Personal%20Learning%20Edition/plugins/com.anylogic.graphics3d_8.9.3.202411201858/static/init.js (271)
[0202/173334.660:INFO:CONSOLE(3660)] "THREE.ColladaLoader: File version 1.4.0", source: file:///C:/Program%20Files/AnyLogic%208.9%20Personal%20Learning%20Edition/plugins/com.anylogic.graphics3d_8.9.3.202411201858/static/libs/ColladaLoader.js (3660)
[0202/173334.660:INFO:CONSOLE(255)] "Loaded: file:C:/Users/marti/Models/Convey-Version 2/3d/box_1_open.dae", source: file:///C:/Program%20Files/AnyLogic%208.9%20Personal%20Learning%20Edition/plugins/com.anylogic.graphics3d_8.9.3.202411201858/static/init.js (255)
[0202/173334.660:INFO:CONSOLE(271)] "load end: file:C:/Users/marti/Models/Convey-Version 2/3d/box_1_open.dae", source: file:///C:/Program%20Files/AnyLogic%208.9%20Personal%20Learning%20Edition/plugins/com.anylogic.graphics3d_8.9.3.202411201858/static/init.js (271)
[0202/173334.772:INFO:CONSOLE(3660)] "THREE.ColladaLoader: File version 1.4.0", source: file:///C:/Program%20Files/AnyLogic%208.9%20Personal%20Learning%20Edition/plugins/com.anylogic.graphics3d_8.9.3.202411201858/static/libs/ColladaLoader.js (3660)
[0202/173334.774:INFO:CONSOLE(255)] "Loaded: file:C:/Users/marti/Models/Convey-Version 2/3d/box_1_closed.dae", source: file:///C:/Program%20Files/AnyLogic%208.9%20Personal%20Learning%20Edition/plugins/com.anylogic.graphics3d_8.9.3.202411201858/static/init.js (255)
[0202/173334.774:INFO:CONSOLE(271)] "load end: file:C:/Users/marti/Models/Convey-Version 2/3d/box_1_closed.dae", source: file:///C:/Program%20Files/AnyLogic%208.9%20Personal%20Learning%20Edition/plugins/com.anylogic.graphics3d_8.9.3.202411201858/static/init.js (271)
[0202/173534.258:ERROR:gpu_init.cc(523)] Passthrough is not supported, GL is disabled, ANGLE is 
